# JRE version: OpenJDK Runtime Environment (8.0_76-b03) (build 1.8.0_76-release-b03)
# Java VM: OpenJDK 64-Bit Server VM (25.76-b03 mixed mode linux-amd64 compressed oops)
Heap:
 PSYoungGen      total 449536K, used 14294K [0x00000000e0000000, 0x0000000100000000, 0x0000000100000000)
  eden space 418304K, 0% used [0x00000000e0000000,0x00000000e0000000,0x00000000f9880000)
  from space 31232K, 45% used [0x00000000f9880000,0x00000000fa675bb0,0x00000000fb700000)
  to   space 52224K, 0% used [0x00000000fcd00000,0x00000000fcd00000,0x0000000100000000)
 ParOldGen       total 95744K, used 95598K [0x00000000a0000000, 0x00000000a5d80000, 0x00000000e0000000)
  object space 95744K, 99% used [0x00000000a0000000,0x00000000a5d5b8a8,0x00000000a5d80000)
 Metaspace       used 67186K, capacity 69206K, committed 69376K, reserved 1110016K
  class space    used 8507K, capacity 8934K, committed 8960K, reserved 1048576K
GC Heap History (10 events):
Event: 96,456 GC heap after
Heap after GC invocations=24 (full 5):
 PSYoungGen      total 333824K, used 2528K [0x00000000e0000000, 0x00000000f9a00000, 0x0000000100000000)
  eden space 307200K, 0% used [0x00000000e0000000,0x00000000e0000000,0x00000000f2c00000)
  from space 26624K, 9% used [0x00000000f2c00000,0x00000000f2e78000,0x00000000f4600000)
  to   space 26112K, 0% used [0x00000000f8080000,0x00000000f8080000,0x00000000f9a00000)
 ParOldGen       total 95744K, used 33645K [0x00000000a0000000, 0x00000000a5d80000, 0x00000000e0000000)
  object space 95744K, 35% used [0x00000000a0000000,0x00000000a20db4d0,0x00000000a5d80000)
 Metaspace       used 64815K, capacity 66620K, committed 66944K, reserved 1107968K
  class space    used 8320K, capacity 8705K, committed 8832K, reserved 1048576K
}
Event: 102,783 GC heap before
{Heap before GC invocations=25 (full 5):
 PSYoungGen      total 333824K, used 308906K [0x00000000e0000000, 0x00000000f9a00000, 0x0000000100000000)
  eden space 307200K, 99% used [0x00000000e0000000,0x00000000f2b329d8,0x00000000f2c00000)
  from space 26624K, 9% used [0x00000000f2c00000,0x00000000f2e78000,0x00000000f4600000)
  to   space 26112K, 0% used [0x00000000f8080000,0x00000000f8080000,0x00000000f9a00000)
 ParOldGen       total 95744K, used 33645K [0x00000000a0000000, 0x00000000a5d80000, 0x00000000e0000000)
  object space 95744K, 35% used [0x00000000a0000000,0x00000000a20db4d0,0x00000000a5d80000)
 Metaspace       used 66066K, capacity 68066K, committed 68352K, reserved 1107968K
  class space    used 8413K, capacity 8848K, committed 8960K, reserved 1048576K
Event: 102,818 GC heap after
Heap after GC invocations=25 (full 5):
 PSYoungGen      total 377344K, used 8856K [0x00000000e0000000, 0x00000000f9080000, 0x0000000100000000)
  eden space 360960K, 0% used [0x00000000e0000000,0x00000000e0000000,0x00000000f6080000)
  from space 16384K, 54% used [0x00000000f8080000,0x00000000f8926068,0x00000000f9080000)
  to   space 24576K, 0% used [0x00000000f6080000,0x00000000f6080000,0x00000000f7880000)
 ParOldGen       total 95744K, used 34638K [0x00000000a0000000, 0x00000000a5d80000, 0x00000000e0000000)
  object space 95744K, 36% used [0x00000000a0000000,0x00000000a21d3af8,0x00000000a5d80000)
 Metaspace       used 66066K, capacity 68066K, committed 68352K, reserved 1107968K
  class space    used 8413K, capacity 8848K, committed 8960K, reserved 1048576K
}
Event: 105,247 GC heap before
{Heap before GC invocations=26 (full 5):
 PSYoungGen      total 377344K, used 369816K [0x00000000e0000000, 0x00000000f9080000, 0x0000000100000000)
  eden space 360960K, 100% used [0x00000000e0000000,0x00000000f6080000,0x00000000f6080000)
  from space 16384K, 54% used [0x00000000f8080000,0x00000000f8926068,0x00000000f9080000)
  to   space 24576K, 0% used [0x00000000f6080000,0x00000000f6080000,0x00000000f7880000)
 ParOldGen       total 95744K, used 34638K [0x00000000a0000000, 0x00000000a5d80000, 0x00000000e0000000)
  object space 95744K, 36% used [0x00000000a0000000,0x00000000a21d3af8,0x00000000a5d80000)
 Metaspace       used 66860K, capacity 68962K, committed 69120K, reserved 1110016K
  class space    used 8507K, capacity 8938K, committed 8960K, reserved 1048576K
Event: 105,300 GC heap after
Heap after GC invocations=26 (full 5):
 PSYoungGen      total 385536K, used 13638K [0x00000000e0000000, 0x00000000fcf80000, 0x0000000100000000)
  eden space 360960K, 0% used [0x00000000e0000000,0x00000000e0000000,0x00000000f6080000)
  from space 24576K, 55% used [0x00000000f6080000,0x00000000f6dd19f8,0x00000000f7880000)
  to   space 25088K, 0% used [0x00000000fb700000,0x00000000fb700000,0x00000000fcf80000)
 ParOldGen       total 95744K, used 34646K [0x00000000a0000000, 0x00000000a5d80000, 0x00000000e0000000)
  object space 95744K, 36% used [0x00000000a0000000,0x00000000a21d5af8,0x00000000a5d80000)
 Metaspace       used 66860K, capacity 68962K, committed 69120K, reserved 1110016K
  class space    used 8507K, capacity 8938K, committed 8960K, reserved 1048576K
}
Event: 108,481 GC heap before
{Heap before GC invocations=27 (full 5):
 PSYoungGen      total 385536K, used 374598K [0x00000000e0000000, 0x00000000fcf80000, 0x0000000100000000)
  eden space 360960K, 100% used [0x00000000e0000000,0x00000000f6080000,0x00000000f6080000)
  from space 24576K, 55% used [0x00000000f6080000,0x00000000f6dd19f8,0x00000000f7880000)
  to   space 25088K, 0% used [0x00000000fb700000,0x00000000fb700000,0x00000000fcf80000)
 ParOldGen       total 95744K, used 34646K [0x00000000a0000000, 0x00000000a5d80000, 0x00000000e0000000)
  object space 95744K, 36% used [0x00000000a0000000,0x00000000a21d5af8,0x00000000a5d80000)
 Metaspace       used 67109K, capacity 69154K, committed 69376K, reserved 1110016K
  class space    used 8508K, capacity 8938K, committed 8960K, reserved 1048576K
Event: 108,648 GC heap after
Heap after GC invocations=27 (full 5):
 PSYoungGen      total 443392K, used 25069K [0x00000000e0000000, 0x00000000fe680000, 0x0000000100000000)
  eden space 418304K, 0% used [0x00000000e0000000,0x00000000e0000000,0x00000000f9880000)
  from space 25088K, 99% used [0x00000000fb700000,0x00000000fcf7b648,0x00000000fcf80000)
  to   space 31232K, 0% used [0x00000000f9880000,0x00000000f9880000,0x00000000fb700000)
 ParOldGen       total 95744K, used 40484K [0x00000000a0000000, 0x00000000a5d80000, 0x00000000e0000000)
  object space 95744K, 42% used [0x00000000a0000000,0x00000000a27893b8,0x00000000a5d80000)
 Metaspace       used 67109K, capacity 69154K, committed 69376K, reserved 1110016K
  class space    used 8508K, capacity 8938K, committed 8960K, reserved 1048576K
}
Event: 111,524 GC heap before
{Heap before GC invocations=28 (full 5):
 PSYoungGen      total 443392K, used 443373K [0x00000000e0000000, 0x00000000fe680000, 0x0000000100000000)
  eden space 418304K, 100% used [0x00000000e0000000,0x00000000f9880000,0x00000000f9880000)
  from space 25088K, 99% used [0x00000000fb700000,0x00000000fcf7b648,0x00000000fcf80000)
  to   space 31232K, 0% used [0x00000000f9880000,0x00000000f9880000,0x00000000fb700000)
 ParOldGen       total 95744K, used 40484K [0x00000000a0000000, 0x00000000a5d80000, 0x00000000e0000000)
  object space 95744K, 42% used [0x00000000a0000000,0x00000000a27893b8,0x00000000a5d80000)
 Metaspace       used 67191K, capacity 69218K, committed 69376K, reserved 1110016K
  class space    used 8509K, capacity 8938K, committed 8960K, reserved 1048576K
Event: 112,235 GC heap after
Heap after GC invocations=28 (full 5):
 PSYoungGen      total 449536K, used 31218K [0x00000000e0000000, 0x0000000100000000, 0x0000000100000000)
  eden space 418304K, 0% used [0x00000000e0000000,0x00000000e0000000,0x00000000f9880000)
  from space 31232K, 99% used [0x00000000f9880000,0x00000000fb6fca40,0x00000000fb700000)
  to   space 52224K, 0% used [0x00000000fcd00000,0x00000000fcd00000,0x0000000100000000)
 ParOldGen       total 95744K, used 81891K [0x00000000a0000000, 0x00000000a5d80000, 0x00000000e0000000)
  object space 95744K, 85% used [0x00000000a0000000,0x00000000a4ff8c38,0x00000000a5d80000)
 Metaspace       used 67191K, capacity 69218K, committed 69376K, reserved 1110016K
  class space    used 8509K, capacity 8938K, committed 8960K, reserved 1048576K
}
Event: 112,629 GC heap before
{Heap before GC invocations=29 (full 6):
 PSYoungGen      total 449536K, used 31218K [0x00000000e0000000, 0x0000000100000000, 0x0000000100000000)
  eden space 418304K, 0% used [0x00000000e0000000,0x00000000e0000000,0x00000000f9880000)
  from space 31232K, 99% used [0x00000000f9880000,0x00000000fb6fca40,0x00000000fb700000)
  to   space 52224K, 0% used [0x00000000fcd00000,0x00000000fcd00000,0x0000000100000000)
 ParOldGen       total 95744K, used 81891K [0x00000000a0000000, 0x00000000a5d80000, 0x00000000e0000000)
  object space 95744K, 85% used [0x00000000a0000000,0x00000000a4ff8c38,0x00000000a5d80000)
 Metaspace       used 67191K, capacity 69218K, committed 69376K, reserved 1110016K
  class space    used 8509K, capacity 8938K, committed 8960K, reserved 1048576K

